Arguments: 
  /usr/local/Cellar/node/18.7.0/bin/node /usr/local/Cellar/yarn/1.22.19/libexec/bin/yarn.js add -D sharp

PATH: 
  /Users/cmgriffing/Library/pnpm:/Users/cmgriffing/.deno/bin:/Users/cmgriffing/.rbenv/shims:/Users/cmgriffing/.luarocks/bin:/Users/cmgriffing/.rbenv/shims:/Users/cmgriffing/.cargo/bin:/usr/local/bin:/usr/bin:/bin:/usr/sbin:/sbin:/usr/local/go/bin:/usr/local/share/dotnet:/opt/X11/bin:~/.dotnet/tools:/Library/Apple/usr/bin:/Library/Frameworks/Mono.framework/Versions/Current/Commands:/Users/cmgriffing/flutter/bin:/Users/cmgriffing/.pub-cache/bin:/Users/cmgriffing/.cabal/bin:/Users/cmgriffing/bin:/Users/cmgriffing/gocode/bin:/Users/cmgriffing/.git-machine/aliases

Yarn version: 
  1.22.19

Node version: 
  18.7.0

Platform: 
  darwin x64

Trace: 
  TypeError: Cannot read properties of undefined (reading 'manifest')
      at _loop (/usr/local/Cellar/yarn/1.22.19/libexec/lib/cli.js:6977:102)
      at _loop.next (<anonymous>)
      at Add.<anonymous> (/usr/local/Cellar/yarn/1.22.19/libexec/lib/cli.js:7035:27)
      at Generator.next (<anonymous>)
      at step (/usr/local/Cellar/yarn/1.22.19/libexec/lib/cli.js:310:30)
      at /usr/local/Cellar/yarn/1.22.19/libexec/lib/cli.js:321:13

npm manifest: 
  {
    "private": true,
    "name": "remix-app-template",
    "description": "",
    "license": "MIT",
    "scripts": {
      "get-types:clone": "rm -rf grumblr-types && git clone https://github.com/cmgriffing/grumblr-types.git && rm -rf ./grumblr-types/.git",
      "get-types:copy": "cp -R ./grumblr-types ./node_modules/grumblr-types",
      "get-types": "npm-run-all -s get-types:clone get-types:copy",
      "tailwind:dev": "tailwindcss --output ./app/styles/tailwind.css --config ./app/config/tailwind.js --watch",
      "tailwind:build": "tailwindcss --output ./app/styles/tailwind.css --config ./app/config/tailwind.js --minify",
      "remix:dev": "remix dev",
      "remix:build": "remix build",
      "dev": "npm-run-all -p tailwind:dev remix:dev",
      "prebuild": "npm run get-types:copy",
      "build": "npm-run-all -s tailwind:build remix:build",
      "postinstall": "remix setup node"
    },
    "dependencies": {
      "@fontsource/bevan": "^4.5.7",
      "@fontsource/nunito": "^4.5.8",
      "@headlessui/react": "^1.4.3",
      "@heroicons/react": "^1.0.5",
      "@iconify/icons-bi": "^1.2.2",
      "@react-hook/window-scroll": "^1.3.0",
      "@react-hook/window-size": "^3.0.7",
      "@remix-run/react": "^1.7.2",
      "@remix-run/serve": "^1.7.2",
      "@remix-run/vercel": "^1.7.2",
      "@tailwindcss/forms": "^0.5.0",
      "@vechaiui/core": "^0.6.0",
      "@vechaiui/react": "^0.2.1",
      "axios": "^0.27.2",
      "boring-avatars": "^1.6.3",
      "case": "^1.6.3",
      "color": "^4.2.1",
      "deep-email-validator": "^0.1.18",
      "dotenv": "^10.0.0",
      "easy-peasy": "^5.0.4",
      "is-ios": "^2.1.0",
      "jwt-decode": "^3.1.2",
      "nice-color-palettes": "^3.0.0",
      "react": "^18.0.15",
      "react-dom": "^18.0.6",
      "remark-mdx-frontmatter": "^2.0.3",
      "remix": "^1.7.2",
      "remix-auth": "^3.2.1",
      "remix-auth-form": "^1.1.1",
      "tailwindcss": "^3.1.8",
      "tiny-invariant": "^1.3.1",
      "victory": "^36.6.8"
    },
    "devDependencies": {
      "@iconify/icons-ant-design": "^1.2.2",
      "@iconify/icons-bxs": "^1.2.2",
      "@iconify/react": "^3.1.4",
      "@ngneat/falso": "^3.1.0",
      "@remix-run/dev": "^1.7.2",
      "@tailwindcss/typography": "^0.5.7",
      "@types/color": "^3.0.3",
      "@types/fs-extra": "^9.0.13",
      "@types/react": "^18.0.15",
      "@types/react-dom": "^18.0.6",
      "dayjs": "^1.10.8",
      "fs-extra": "^10.0.1",
      "grumblr-types": "https://github.com/cmgriffing/grumblr-types.git",
      "mdast-util-to-string": "^3.1.0",
      "nanoid": "^3.3.1",
      "npm-run-all": "^4.1.5",
      "prettier": "^2.7.1",
      "prettier-plugin-tailwindcss": "^0.1.13",
      "rehype-highlight": "^5.0.2",
      "rehype-raw": "^6.1.1",
      "remark-remix-image": "workspace:*",
      "remark-toc": "^8.0.1",
      "typescript": "^4.7.4",
      "unist-util-visit": "^4.1.1"
    },
    "engines": {
      "node": ">=14"
    },
    "sideEffects": false
  }

yarn manifest: 
  No manifest

Lockfile: 
  No lockfile
